[2025-05-17 02:58:28] GET https://jsonplaceholder.typicode.com/posts/1
Data: null
Status: 200
Response: {
  "userId": 1,
  "id": 1,
  "title": "sunt aut facere repellat provident occaecati excepturi optio reprehenderit",
  "body": "quia et suscipit\nsuscipit recusandae consequuntur expedita et cum\nreprehenderit molestiae ut ut quas totam\nnostrum rerum est autem sunt rem eveniet architecto"
}
Error: none

[2025-05-17 02:58:29] POST https://jsonplaceholder.typicode.com/posts
Data: {
    "title": "foo",
    "body": "bar",
    "userId": 1
}
Status: 201
Response: {
  "title": "foo",
  "body": "bar",
  "userId": 1,
  "id": 101
}
Error: none

[2025-05-17 02:58:29] PUT https://jsonplaceholder.typicode.com/posts/1
Data: {
    "id": 1,
    "title": "updated title",
    "body": "updated body",
    "userId": 1
}
Status: 200
Response: {
  "id": 1,
  "title": "updated title",
  "body": "updated body",
  "userId": 1
}
Error: none

[2025-05-17 02:58:30] DELETE https://jsonplaceholder.typicode.com/posts/1
Data: null
Status: 200
Response: {}
Error: none

[2025-05-17 03:00:13] GET https://jsonplaceholder.typicode.com/posts/1
Data: null
Status: 200
Response: {
  "userId": 1,
  "id": 1,
  "title": "sunt aut facere repellat provident occaecati excepturi optio reprehenderit",
  "body": "quia et suscipit\nsuscipit recusandae consequuntur expedita et cum\nreprehenderit molestiae ut ut quas totam\nnostrum rerum est autem sunt rem eveniet architecto"
}
Error: none

[2025-05-17 03:00:13] POST https://jsonplaceholder.typicode.com/posts
Data: {
    "title": "foo",
    "body": "bar",
    "userId": 1
}
Status: 201
Response: {
  "title": "foo",
  "body": "bar",
  "userId": 1,
  "id": 101
}
Error: none

[2025-05-17 03:00:14] PUT https://jsonplaceholder.typicode.com/posts/1
Data: {
    "id": 1,
    "title": "updated title",
    "body": "updated body",
    "userId": 1
}
Status: 200
Response: {
  "id": 1,
  "title": "updated title",
  "body": "updated body",
  "userId": 1
}
Error: none

[2025-05-17 03:00:15] DELETE https://jsonplaceholder.typicode.com/posts/1
Data: null
Status: 200
Response: {}
Error: none

[2025-05-17 03:05:48] GET https://jsonplaceholder.typicode.com/posts/1
Data: null
Status: 200
Response: {
  "userId": 1,
  "id": 1,
  "title": "sunt aut facere repellat provident occaecati excepturi optio reprehenderit",
  "body": "quia et suscipit\nsuscipit recusandae consequuntur expedita et cum\nreprehenderit molestiae ut ut quas totam\nnostrum rerum est autem sunt rem eveniet architecto"
}
Error: none

[2025-05-17 03:05:48] POST https://jsonplaceholder.typicode.com/posts
Data: {
    "title": "foo",
    "body": "bar",
    "userId": 1
}
Status: 201
Response: {
  "title": "foo",
  "body": "bar",
  "userId": 1,
  "id": 101
}
Error: none

[2025-05-17 03:05:49] PUT https://jsonplaceholder.typicode.com/posts/1
Data: {
    "id": 1,
    "title": "updated title",
    "body": "updated body",
    "userId": 1
}
Status: 200
Response: {
  "id": 1,
  "title": "updated title",
  "body": "updated body",
  "userId": 1
}
Error: none

[2025-05-17 03:05:49] DELETE https://jsonplaceholder.typicode.com/posts/1
Data: null
Status: 200
Response: {}
Error: none

[2025-05-17 03:05:57] GET https://jsonplaceholder.typicode.com/posts/1
Data: null
Status: 200
Response: {
  "userId": 1,
  "id": 1,
  "title": "sunt aut facere repellat provident occaecati excepturi optio reprehenderit",
  "body": "quia et suscipit\nsuscipit recusandae consequuntur expedita et cum\nreprehenderit molestiae ut ut quas totam\nnostrum rerum est autem sunt rem eveniet architecto"
}
Error: none

[2025-05-17 03:05:57] POST https://jsonplaceholder.typicode.com/posts
Data: {
    "title": "json title",
    "body": "json body",
    "userId": 5
}
Status: 201
Response: {
  "title": "json title",
  "body": "json body",
  "userId": 5,
  "id": 101
}
Error: none

[2025-05-17 03:05:58] GET https://jsonplaceholder.typicode.com/posts?userId=1
Data: null
Status: 200
Response: [
  {
    "userId": 1,
    "id": 1,
    "title": "sunt aut facere repellat provident occaecati excepturi optio reprehenderit",
    "body": "quia et suscipit\nsuscipit recusandae consequuntur expedita et cum\nreprehenderit molestiae ut ut quas totam\nnostrum rerum est autem sunt rem eveniet architecto"
  },
  {
    "userId": 1,
    "id": 2,
    "title": "qui est esse",
    "body": "est rerum tempore vitae\nsequi sint nihil reprehenderit dolor beatae ea dolores neque\nfugiat blanditiis voluptate porro vel nihil molestiae ut reiciendis\nqui aperiam non debitis possimus qui neque nisi nulla"
  },
  {
    "userId": 1,
    "id": 3,
    "title": "ea molestias quasi exercitationem repellat qui ipsa sit aut",
    "body": "et iusto sed quo iure\nvoluptatem occaecati omnis eligendi aut ad\nvoluptatem doloribus vel accusantium quis pariatur\nmolestiae porro eius odio et labore et velit aut"
  },
  {
    "userId": 1,
    "id": 4,
    "title": "eum et est occaecati",
    "body": "ullam et saepe reiciendis voluptatem adipisci\nsit amet autem assumenda provident rerum culpa\nquis hic commodi nesciunt rem tenetur doloremque ipsam iure\nquis sunt voluptatem rerum illo velit"
  },
  {
    "userId": 1,
    "id": 5,
    "title": "nesciunt quas odio",
    "body": "repudiandae veniam quaerat sunt sed\nalias aut fugiat sit autem sed est\nvoluptatem omnis possimus esse voluptatibus quis\nest aut tenetur dolor neque"
  },
  {
    "userId": 1,
    "id": 6,
    "title": "dolorem eum magni eos aperiam quia",
    "body": "ut aspernatur corporis harum nihil quis provident sequi\nmollitia nobis aliquid molestiae\nperspiciatis et ea nemo ab reprehenderit accusantium quas\nvoluptate dolores velit et doloremque molestiae"
  },
  {
    "userId": 1,
    "id": 7,
    "title": "magnam facilis autem",
    "body": "dolore placeat quibusdam ea quo vitae\nmagni quis enim qui quis quo nemo aut saepe\nquidem repellat excepturi ut quia\nsunt ut sequi eos ea sed quas"
  },
  {
    "userId": 1,
    "id": 8,
    "title": "dolorem dolore est ipsam",
    "body": "dignissimos aperiam dolorem qui eum\nfacilis quibusdam animi sint suscipit qui sint possimus cum\nquaerat magni maiores excepturi\nipsam ut commodi dolor voluptatum modi aut vitae"
  },
  {
    "userId": 1,
    "id": 9,
    "title": "nesciunt iure omnis dolorem tempora et accusantium",
    "body": "consectetur animi nesciunt iure dolore\nenim quia ad\nveniam autem ut quam aut nobis\net est aut quod aut provident voluptas autem voluptas"
  },
  {
    "userId": 1,
    "id": 10,
    "title": "optio molestias id quia eum",
    "body": "quo et expedita modi cum officia vel magni\ndoloribus qui repudiandae\nvero nisi sit\nquos veniam quod sed accusamus veritatis error"
  }
]
Error: none

[2025-05-17 03:21:53] GET https://jsonplaceholder.typicode.com/posts/1
Data: null
Status: 200
Response: {
  "userId": 1,
  "id": 1,
  "title": "sunt aut facere repellat provident occaecati excepturi optio reprehenderit",
  "body": "quia et suscipit\nsuscipit recusandae consequuntur expedita et cum\nreprehenderit molestiae ut ut quas totam\nnostrum rerum est autem sunt rem eveniet architecto"
}
Error: none

[2025-05-17 03:21:54] GET https://jsonplaceholder.typicode.com/invalid-endpoint
Data: null
Status: 404
Response: {}
Error: none

[2025-05-17 03:29:54] GET https://jsonplaceholder.typicode.com/posts/1
Data: null
Status: 200
Response: {
  "userId": 1,
  "id": 1,
  "title": "sunt aut facere repellat provident occaecati excepturi optio reprehenderit",
  "body": "quia et suscipit\nsuscipit recusandae consequuntur expedita et cum\nreprehenderit molestiae ut ut quas totam\nnostrum rerum est autem sunt rem eveniet architecto"
}
Error: none

[2025-05-17 03:29:54] POST https://jsonplaceholder.typicode.com/posts
Data: {
    "title": "\u0422\u0435\u0441\u0442\u043e\u0432\u044b\u0439 \u043f\u043e\u0441\u0442",
    "body": "\u0421\u043e\u0434\u0435\u0440\u0436\u0438\u043c\u043e\u0435 \u043f\u043e\u0441\u0442\u0430",
    "userId": 1
}
Status: 201
Response: {
  "title": "Тестовый пост",
  "body": "Содержимое поста",
  "userId": 1,
  "id": 101
}
Error: none

[2025-05-17 03:29:55] GET https://jsonplaceholder.typicode.com/posts/999999
Data: null
Status: 404
Response: {}
Error: none

[2025-05-17 03:29:56] GET https://jsonplaceholder.typicode.com/secure-endpoint
Data: null
Status: 404
Response: {}
Error: none

[2025-05-17 03:29:56] POST https://jsonplaceholder.typicode.com/posts
Data: 
Status: 201
Response: {
  "id": 101
}
Error: none

[2025-05-17 03:30:49] GET https://jsonplaceholder.typicode.com/posts/1
Data: null
Status: 200
Response: {
  "userId": 1,
  "id": 1,
  "title": "sunt aut facere repellat provident occaecati excepturi optio reprehenderit",
  "body": "quia et suscipit\nsuscipit recusandae consequuntur expedita et cum\nreprehenderit molestiae ut ut quas totam\nnostrum rerum est autem sunt rem eveniet architecto"
}
Error: none

[2025-05-17 03:30:49] POST https://jsonplaceholder.typicode.com/posts
Data: {
    "title": "\u0422\u0435\u0441\u0442\u043e\u0432\u044b\u0439 \u043f\u043e\u0441\u0442",
    "body": "\u0421\u043e\u0434\u0435\u0440\u0436\u0438\u043c\u043e\u0435 \u043f\u043e\u0441\u0442\u0430",
    "userId": 1
}
Status: 201
Response: {
  "title": "Тестовый пост",
  "body": "Содержимое поста",
  "userId": 1,
  "id": 101
}
Error: none

[2025-05-17 03:30:50] GET https://jsonplaceholder.typicode.com/posts/999999
Data: null
Status: 404
Response: {}
Error: none

[2025-05-17 03:30:50] GET https://jsonplaceholder.typicode.com/secure-endpoint
Data: null
Status: 404
Response: {}
Error: none

[2025-05-17 03:30:50] POST https://jsonplaceholder.typicode.com/posts
Data: 
Status: 201
Response: {
  "id": 101
}
Error: none

[2025-05-17 03:30:51] GET https://invalid-domain-name-that-does-not-exist.com/test
Data: null
Status: 0
Response: 
Error: Could not resolve host: invalid-domain-name-that-does-not-exist.com

[2025-05-17 03:33:18] GET https://jsonplaceholder.typicode.com/posts/1
Data: null
Status: 200
Response: {
  "userId": 1,
  "id": 1,
  "title": "sunt aut facere repellat provident occaecati excepturi optio reprehenderit",
  "body": "quia et suscipit\nsuscipit recusandae consequuntur expedita et cum\nreprehenderit molestiae ut ut quas totam\nnostrum rerum est autem sunt rem eveniet architecto"
}
Error: none

[2025-05-17 03:33:19] POST https://jsonplaceholder.typicode.com/posts
Data: {
    "title": "JSON \u041f\u043e\u0441\u0442",
    "body": "\u042d\u0442\u043e \u043f\u043e\u0441\u0442, \u043e\u0442\u043f\u0440\u0430\u0432\u043b\u0435\u043d\u043d\u044b\u0439 \u0441 \u0438\u0441\u043f\u043e\u043b\u044c\u0437\u043e\u0432\u0430\u043d\u0438\u0435\u043c JSON",
    "userId": 5,
    "metadata": {
        "source": "API Demo",
        "version": "1.0"
    }
}
Status: 201
Response: {
  "title": "JSON Пост",
  "body": "Это пост, отправленный с использованием JSON",
  "userId": 5,
  "metadata": {
    "source": "API Demo",
    "version": "1.0"
  },
  "id": 101
}
Error: none

[2025-05-17 03:33:20] GET https://jsonplaceholder.typicode.com/posts?userId=1&sort=desc&limit=5
Data: null
Status: 200
Response: [
  {
    "userId": 1,
    "id": 1,
    "title": "sunt aut facere repellat provident occaecati excepturi optio reprehenderit",
    "body": "quia et suscipit\nsuscipit recusandae consequuntur expedita et cum\nreprehenderit molestiae ut ut quas totam\nnostrum rerum est autem sunt rem eveniet architecto"
  },
  {
    "userId": 1,
    "id": 2,
    "title": "qui est esse",
    "body": "est rerum tempore vitae\nsequi sint nihil reprehenderit dolor beatae ea dolores neque\nfugiat blanditiis voluptate porro vel nihil molestiae ut reiciendis\nqui aperiam non debitis possimus qui neque nisi nulla"
  },
  {
    "userId": 1,
    "id": 3,
    "title": "ea molestias quasi exercitationem repellat qui ipsa sit aut",
    "body": "et iusto sed quo iure\nvoluptatem occaecati omnis eligendi aut ad\nvoluptatem doloribus vel accusantium quis pariatur\nmolestiae porro eius odio et labore et velit aut"
  },
  {
    "userId": 1,
    "id": 4,
    "title": "eum et est occaecati",
    "body": "ullam et saepe reiciendis voluptatem adipisci\nsit amet autem assumenda provident rerum culpa\nquis hic commodi nesciunt rem tenetur doloremque ipsam iure\nquis sunt voluptatem rerum illo velit"
  },
  {
    "userId": 1,
    "id": 5,
    "title": "nesciunt quas odio",
    "body": "repudiandae veniam quaerat sunt sed\nalias aut fugiat sit autem sed est\nvoluptatem omnis possimus esse voluptatibus quis\nest aut tenetur dolor neque"
  },
  {
    "userId": 1,
    "id": 6,
    "title": "dolorem eum magni eos aperiam quia",
    "body": "ut aspernatur corporis harum nihil quis provident sequi\nmollitia nobis aliquid molestiae\nperspiciatis et ea nemo ab reprehenderit accusantium quas\nvoluptate dolores velit et doloremque molestiae"
  },
  {
    "userId": 1,
    "id": 7,
    "title": "magnam facilis autem",
    "body": "dolore placeat quibusdam ea quo vitae\nmagni quis enim qui quis quo nemo aut saepe\nquidem repellat excepturi ut quia\nsunt ut sequi eos ea sed quas"
  },
  {
    "userId": 1,
    "id": 8,
    "title": "dolorem dolore est ipsam",
    "body": "dignissimos aperiam dolorem qui eum\nfacilis quibusdam animi sint suscipit qui sint possimus cum\nquaerat magni maiores excepturi\nipsam ut commodi dolor voluptatum modi aut vitae"
  },
  {
    "userId": 1,
    "id": 9,
    "title": "nesciunt iure omnis dolorem tempora et accusantium",
    "body": "consectetur animi nesciunt iure dolore\nenim quia ad\nveniam autem ut quam aut nobis\net est aut quod aut provident voluptas autem voluptas"
  },
  {
    "userId": 1,
    "id": 10,
    "title": "optio molestias id quia eum",
    "body": "quo et expedita modi cum officia vel magni\ndoloribus qui repudiandae\nvero nisi sit\nquos veniam quod sed accusamus veritatis error"
  }
]
Error: none

[2025-05-17 03:33:33] GET https://jsonplaceholder.typicode.com/posts/1
Data: null
Status: 200
Response: {
  "userId": 1,
  "id": 1,
  "title": "sunt aut facere repellat provident occaecati excepturi optio reprehenderit",
  "body": "quia et suscipit\nsuscipit recusandae consequuntur expedita et cum\nreprehenderit molestiae ut ut quas totam\nnostrum rerum est autem sunt rem eveniet architecto"
}
Error: none

[2025-05-17 03:33:33] POST https://jsonplaceholder.typicode.com/posts
Data: {
    "title": "\u041d\u043e\u0432\u044b\u0439 \u043f\u043e\u0441\u0442",
    "body": "\u042d\u0442\u043e \u0441\u043e\u0434\u0435\u0440\u0436\u0438\u043c\u043e\u0435 \u043d\u043e\u0432\u043e\u0433\u043e \u043f\u043e\u0441\u0442\u0430, \u0441\u043e\u0437\u0434\u0430\u043d\u043d\u043e\u0433\u043e \u0447\u0435\u0440\u0435\u0437 API",
    "userId": 1
}
Status: 201
Response: {
  "title": "Новый пост",
  "body": "Это содержимое нового поста, созданного через API",
  "userId": 1,
  "id": 101
}
Error: none

[2025-05-17 03:33:34] PUT https://jsonplaceholder.typicode.com/posts/1
Data: {
    "id": 1,
    "title": "\u041e\u0431\u043d\u043e\u0432\u043b\u0435\u043d\u043d\u044b\u0439 \u0437\u0430\u0433\u043e\u043b\u043e\u0432\u043e\u043a",
    "body": "\u042d\u0442\u043e \u043e\u0431\u043d\u043e\u0432\u043b\u0435\u043d\u043d\u043e\u0435 \u0441\u043e\u0434\u0435\u0440\u0436\u0438\u043c\u043e\u0435 \u043f\u043e\u0441\u0442\u0430",
    "userId": 1
}
Status: 200
Response: {
  "id": 1,
  "title": "Обновленный заголовок",
  "body": "Это обновленное содержимое поста",
  "userId": 1
}
Error: none

[2025-05-17 03:33:35] DELETE https://jsonplaceholder.typicode.com/posts/1
Data: null
Status: 200
Response: {}
Error: none

[2025-05-17 03:33:36] GET https://jsonplaceholder.typicode.com/posts/1
Data: null
Status: 200
Response: {
  "userId": 1,
  "id": 1,
  "title": "sunt aut facere repellat provident occaecati excepturi optio reprehenderit",
  "body": "quia et suscipit\nsuscipit recusandae consequuntur expedita et cum\nreprehenderit molestiae ut ut quas totam\nnostrum rerum est autem sunt rem eveniet architecto"
}
Error: none

[2025-05-17 03:34:55] GET https://jsonplaceholder.typicode.com/posts/1
Data: null
Status: 200
Response: {
  "userId": 1,
  "id": 1,
  "title": "sunt aut facere repellat provident occaecati excepturi optio reprehenderit",
  "body": "quia et suscipit\nsuscipit recusandae consequuntur expedita et cum\nreprehenderit molestiae ut ut quas totam\nnostrum rerum est autem sunt rem eveniet architecto"
}
Error: none

[2025-05-17 03:34:55] POST https://jsonplaceholder.typicode.com/posts
Data: {
    "title": "JSON \u041f\u043e\u0441\u0442",
    "body": "\u042d\u0442\u043e \u043f\u043e\u0441\u0442, \u043e\u0442\u043f\u0440\u0430\u0432\u043b\u0435\u043d\u043d\u044b\u0439 \u0441 \u0438\u0441\u043f\u043e\u043b\u044c\u0437\u043e\u0432\u0430\u043d\u0438\u0435\u043c JSON",
    "userId": 5,
    "metadata": {
        "source": "API Demo",
        "version": "1.0"
    }
}
Status: 201
Response: {
  "title": "JSON Пост",
  "body": "Это пост, отправленный с использованием JSON",
  "userId": 5,
  "metadata": {
    "source": "API Demo",
    "version": "1.0"
  },
  "id": 101
}
Error: none

[2025-05-17 03:34:56] GET https://jsonplaceholder.typicode.com/posts?userId=1&sort=desc&limit=5
Data: null
Status: 200
Response: [
  {
    "userId": 1,
    "id": 1,
    "title": "sunt aut facere repellat provident occaecati excepturi optio reprehenderit",
    "body": "quia et suscipit\nsuscipit recusandae consequuntur expedita et cum\nreprehenderit molestiae ut ut quas totam\nnostrum rerum est autem sunt rem eveniet architecto"
  },
  {
    "userId": 1,
    "id": 2,
    "title": "qui est esse",
    "body": "est rerum tempore vitae\nsequi sint nihil reprehenderit dolor beatae ea dolores neque\nfugiat blanditiis voluptate porro vel nihil molestiae ut reiciendis\nqui aperiam non debitis possimus qui neque nisi nulla"
  },
  {
    "userId": 1,
    "id": 3,
    "title": "ea molestias quasi exercitationem repellat qui ipsa sit aut",
    "body": "et iusto sed quo iure\nvoluptatem occaecati omnis eligendi aut ad\nvoluptatem doloribus vel accusantium quis pariatur\nmolestiae porro eius odio et labore et velit aut"
  },
  {
    "userId": 1,
    "id": 4,
    "title": "eum et est occaecati",
    "body": "ullam et saepe reiciendis voluptatem adipisci\nsit amet autem assumenda provident rerum culpa\nquis hic commodi nesciunt rem tenetur doloremque ipsam iure\nquis sunt voluptatem rerum illo velit"
  },
  {
    "userId": 1,
    "id": 5,
    "title": "nesciunt quas odio",
    "body": "repudiandae veniam quaerat sunt sed\nalias aut fugiat sit autem sed est\nvoluptatem omnis possimus esse voluptatibus quis\nest aut tenetur dolor neque"
  },
  {
    "userId": 1,
    "id": 6,
    "title": "dolorem eum magni eos aperiam quia",
    "body": "ut aspernatur corporis harum nihil quis provident sequi\nmollitia nobis aliquid molestiae\nperspiciatis et ea nemo ab reprehenderit accusantium quas\nvoluptate dolores velit et doloremque molestiae"
  },
  {
    "userId": 1,
    "id": 7,
    "title": "magnam facilis autem",
    "body": "dolore placeat quibusdam ea quo vitae\nmagni quis enim qui quis quo nemo aut saepe\nquidem repellat excepturi ut quia\nsunt ut sequi eos ea sed quas"
  },
  {
    "userId": 1,
    "id": 8,
    "title": "dolorem dolore est ipsam",
    "body": "dignissimos aperiam dolorem qui eum\nfacilis quibusdam animi sint suscipit qui sint possimus cum\nquaerat magni maiores excepturi\nipsam ut commodi dolor voluptatum modi aut vitae"
  },
  {
    "userId": 1,
    "id": 9,
    "title": "nesciunt iure omnis dolorem tempora et accusantium",
    "body": "consectetur animi nesciunt iure dolore\nenim quia ad\nveniam autem ut quam aut nobis\net est aut quod aut provident voluptas autem voluptas"
  },
  {
    "userId": 1,
    "id": 10,
    "title": "optio molestias id quia eum",
    "body": "quo et expedita modi cum officia vel magni\ndoloribus qui repudiandae\nvero nisi sit\nquos veniam quod sed accusamus veritatis error"
  }
]
Error: none

[2025-05-17 03:34:56] GET https://jsonplaceholder.typicode.com/posts?userId=2&limit=3
Data: null
Status: 200
Response: [
  {
    "userId": 2,
    "id": 11,
    "title": "et ea vero quia laudantium autem",
    "body": "delectus reiciendis molestiae occaecati non minima eveniet qui voluptatibus\naccusamus in eum beatae sit\nvel qui neque voluptates ut commodi qui incidunt\nut animi commodi"
  },
  {
    "userId": 2,
    "id": 12,
    "title": "in quibusdam tempore odit est dolorem",
    "body": "itaque id aut magnam\npraesentium quia et ea odit et ea voluptas et\nsapiente quia nihil amet occaecati quia id voluptatem\nincidunt ea est distinctio odio"
  },
  {
    "userId": 2,
    "id": 13,
    "title": "dolorum ut in voluptas mollitia et saepe quo animi",
    "body": "aut dicta possimus sint mollitia voluptas commodi quo doloremque\niste corrupti reiciendis voluptatem eius rerum\nsit cumque quod eligendi laborum minima\nperferendis recusandae assumenda consectetur porro architecto ipsum ipsam"
  },
  {
    "userId": 2,
    "id": 14,
    "title": "voluptatem eligendi optio",
    "body": "fuga et accusamus dolorum perferendis illo voluptas\nnon doloremque neque facere\nad qui dolorum molestiae beatae\nsed aut voluptas totam sit illum"
  },
  {
    "userId": 2,
    "id": 15,
    "title": "eveniet quod temporibus",
    "body": "reprehenderit quos placeat\nvelit minima officia dolores impedit repudiandae molestiae nam\nvoluptas recusandae quis delectus\nofficiis harum fugiat vitae"
  },
  {
    "userId": 2,
    "id": 16,
    "title": "sint suscipit perspiciatis velit dolorum rerum ipsa laboriosam odio",
    "body": "suscipit nam nisi quo aperiam aut\nasperiores eos fugit maiores voluptatibus quia\nvoluptatem quis ullam qui in alias quia est\nconsequatur magni mollitia accusamus ea nisi voluptate dicta"
  },
  {
    "userId": 2,
    "id": 17,
    "title": "fugit voluptas sed molestias voluptatem provident",
    "body": "eos voluptas et aut odit natus earum\naspernatur fuga molestiae ullam\ndeserunt ratione qui eos\nqui nihil ratione nemo velit ut aut id quo"
  },
  {
    "userId": 2,
    "id": 18,
    "title": "voluptate et itaque vero tempora molestiae",
    "body": "eveniet quo quis\nlaborum totam consequatur non dolor\nut et est repudiandae\nest voluptatem vel debitis et magnam"
  },
  {
    "userId": 2,
    "id": 19,
    "title": "adipisci placeat illum aut reiciendis qui",
    "body": "illum quis cupiditate provident sit magnam\nea sed aut omnis\nveniam maiores ullam consequatur atque\nadipisci quo iste expedita sit quos voluptas"
  },
  {
    "userId": 2,
    "id": 20,
    "title": "doloribus ad provident suscipit at",
    "body": "qui consequuntur ducimus possimus quisquam amet similique\nsuscipit porro ipsam amet\neos veritatis officiis exercitationem vel fugit aut necessitatibus totam\nomnis rerum consequatur expedita quidem cumque explicabo"
  }
]
Error: none

