[2025-05-21 16:23:40] GET https://jsonplaceholder.typicode.com/posts/1
Data: null
Status: 0
Response: 
Error: SSL certificate problem: unable to get local issuer certificate

[2025-05-21 16:24:24] GET https://jsonplaceholder.typicode.com/posts/1
Data: null
Status: 0
Response: 
Error: SSL certificate problem: unable to get local issuer certificate

[2025-05-21 17:21:44] GET https://jsonplaceholder.typicode.com/posts/1
Data: null
Status: 0
Response: 
Error: SSL certificate problem: unable to get local issuer certificate

[2025-05-21 17:22:54] GET https://jsonplaceholder.typicode.com/posts/1
Data: null
Status: 0
Response: 
Error: SSL certificate problem: unable to get local issuer certificate

[2025-05-21 17:23:02] GET https://jsonplaceholder.typicode.com/posts/1
Data: null
Status: 0
Response: 
Error: SSL certificate problem: unable to get local issuer certificate

[2025-05-21 17:23:10] GET https://api.openweathermap.org/data/2.5/weather?q=Kaliningrad&appid=061b4f16ad60feffe46e327c278b7793&units=metric&lang=ru
Data: null
Status: 0
Response: 
Error: SSL certificate problem: unable to get local issuer certificate

[2025-05-21 17:23:10] GET https://api.openweathermap.org/data/2.5/forecast?q=Kaliningrad&appid=061b4f16ad60feffe46e327c278b7793&units=metric&lang=ru
Data: null
Status: 0
Response: 
Error: SSL certificate problem: unable to get local issuer certificate

[2025-05-21 17:23:10] GET https://api.openweathermap.org/data/2.5/air_pollution?lat=54.7065&lon=20.5109&appid=061b4f16ad60feffe46e327c278b7793
Data: null
Status: 0
Response: 
Error: SSL certificate problem: unable to get local issuer certificate

[2025-05-21 17:27:26] GET https://jsonplaceholder.typicode.com/posts/1
Data: null
Status: 200
Response: {
  "userId": 1,
  "id": 1,
  "title": "sunt aut facere repellat provident occaecati excepturi optio reprehenderit",
  "body": "quia et suscipit\nsuscipit recusandae consequuntur expedita et cum\nreprehenderit molestiae ut ut quas totam\nnostrum rerum est autem sunt rem eveniet architecto"
}
Error: none

[2025-05-21 17:27:27] POST https://jsonplaceholder.typicode.com/posts
Data: {
    "title": "\u041d\u043e\u0432\u044b\u0439 \u043f\u043e\u0441\u0442",
    "body": "\u042d\u0442\u043e \u0441\u043e\u0434\u0435\u0440\u0436\u0438\u043c\u043e\u0435 \u043d\u043e\u0432\u043e\u0433\u043e \u043f\u043e\u0441\u0442\u0430, \u0441\u043e\u0437\u0434\u0430\u043d\u043d\u043e\u0433\u043e \u0447\u0435\u0440\u0435\u0437 API",
    "userId": 1
}
Status: 201
Response: {
  "title": "Новый пост",
  "body": "Это содержимое нового поста, созданного через API",
  "userId": 1,
  "id": 101
}
Error: none

[2025-05-21 17:27:28] PUT https://jsonplaceholder.typicode.com/posts/1
Data: {
    "id": 1,
    "title": "\u041e\u0431\u043d\u043e\u0432\u043b\u0435\u043d\u043d\u044b\u0439 \u0437\u0430\u0433\u043e\u043b\u043e\u0432\u043e\u043a",
    "body": "\u042d\u0442\u043e \u043e\u0431\u043d\u043e\u0432\u043b\u0435\u043d\u043d\u043e\u0435 \u0441\u043e\u0434\u0435\u0440\u0436\u0438\u043c\u043e\u0435 \u043f\u043e\u0441\u0442\u0430",
    "userId": 1
}
Status: 200
Response: {
  "id": 1,
  "title": "Обновленный заголовок",
  "body": "Это обновленное содержимое поста",
  "userId": 1
}
Error: none

[2025-05-21 17:27:29] DELETE https://jsonplaceholder.typicode.com/posts/1
Data: null
Status: 200
Response: {}
Error: none

[2025-05-21 17:27:29] GET https://jsonplaceholder.typicode.com/posts/1
Data: null
Status: 200
Response: {
  "userId": 1,
  "id": 1,
  "title": "sunt aut facere repellat provident occaecati excepturi optio reprehenderit",
  "body": "quia et suscipit\nsuscipit recusandae consequuntur expedita et cum\nreprehenderit molestiae ut ut quas totam\nnostrum rerum est autem sunt rem eveniet architecto"
}
Error: none

[2025-05-21 17:27:34] GET https://jsonplaceholder.typicode.com/posts/1
Data: null
Status: 200
Response: {
  "userId": 1,
  "id": 1,
  "title": "sunt aut facere repellat provident occaecati excepturi optio reprehenderit",
  "body": "quia et suscipit\nsuscipit recusandae consequuntur expedita et cum\nreprehenderit molestiae ut ut quas totam\nnostrum rerum est autem sunt rem eveniet architecto"
}
Error: none

[2025-05-21 17:27:35] POST https://jsonplaceholder.typicode.com/posts
Data: {
    "title": "JSON \u041f\u043e\u0441\u0442",
    "body": "\u042d\u0442\u043e \u043f\u043e\u0441\u0442, \u043e\u0442\u043f\u0440\u0430\u0432\u043b\u0435\u043d\u043d\u044b\u0439 \u0441 \u0438\u0441\u043f\u043e\u043b\u044c\u0437\u043e\u0432\u0430\u043d\u0438\u0435\u043c JSON",
    "userId": 5,
    "metadata": {
        "source": "API Demo",
        "version": "1.0"
    }
}
Status: 201
Response: {
  "title": "JSON Пост",
  "body": "Это пост, отправленный с использованием JSON",
  "userId": 5,
  "metadata": {
    "source": "API Demo",
    "version": "1.0"
  },
  "id": 101
}
Error: none

[2025-05-21 17:27:35] GET https://jsonplaceholder.typicode.com/posts?userId=1&sort=desc&limit=5
Data: null
Status: 200
Response: [
  {
    "userId": 1,
    "id": 1,
    "title": "sunt aut facere repellat provident occaecati excepturi optio reprehenderit",
    "body": "quia et suscipit\nsuscipit recusandae consequuntur expedita et cum\nreprehenderit molestiae ut ut quas totam\nnostrum rerum est autem sunt rem eveniet architecto"
  },
  {
    "userId": 1,
    "id": 2,
    "title": "qui est esse",
    "body": "est rerum tempore vitae\nsequi sint nihil reprehenderit dolor beatae ea dolores neque\nfugiat blanditiis voluptate porro vel nihil molestiae ut reiciendis\nqui aperiam non debitis possimus qui neque nisi nulla"
  },
  {
    "userId": 1,
    "id": 3,
    "title": "ea molestias quasi exercitationem repellat qui ipsa sit aut",
    "body": "et iusto sed quo iure\nvoluptatem occaecati omnis eligendi aut ad\nvoluptatem doloribus vel accusantium quis pariatur\nmolestiae porro eius odio et labore et velit aut"
  },
  {
    "userId": 1,
    "id": 4,
    "title": "eum et est occaecati",
    "body": "ullam et saepe reiciendis voluptatem adipisci\nsit amet autem assumenda provident rerum culpa\nquis hic commodi nesciunt rem tenetur doloremque ipsam iure\nquis sunt voluptatem rerum illo velit"
  },
  {
    "userId": 1,
    "id": 5,
    "title": "nesciunt quas odio",
    "body": "repudiandae veniam quaerat sunt sed\nalias aut fugiat sit autem sed est\nvoluptatem omnis possimus esse voluptatibus quis\nest aut tenetur dolor neque"
  },
  {
    "userId": 1,
    "id": 6,
    "title": "dolorem eum magni eos aperiam quia",
    "body": "ut aspernatur corporis harum nihil quis provident sequi\nmollitia nobis aliquid molestiae\nperspiciatis et ea nemo ab reprehenderit accusantium quas\nvoluptate dolores velit et doloremque molestiae"
  },
  {
    "userId": 1,
    "id": 7,
    "title": "magnam facilis autem",
    "body": "dolore placeat quibusdam ea quo vitae\nmagni quis enim qui quis quo nemo aut saepe\nquidem repellat excepturi ut quia\nsunt ut sequi eos ea sed quas"
  },
  {
    "userId": 1,
    "id": 8,
    "title": "dolorem dolore est ipsam",
    "body": "dignissimos aperiam dolorem qui eum\nfacilis quibusdam animi sint suscipit qui sint possimus cum\nquaerat magni maiores excepturi\nipsam ut commodi dolor voluptatum modi aut vitae"
  },
  {
    "userId": 1,
    "id": 9,
    "title": "nesciunt iure omnis dolorem tempora et accusantium",
    "body": "consectetur animi nesciunt iure dolore\nenim quia ad\nveniam autem ut quam aut nobis\net est aut quod aut provident voluptas autem voluptas"
  },
  {
    "userId": 1,
    "id": 10,
    "title": "optio molestias id quia eum",
    "body": "quo et expedita modi cum officia vel magni\ndoloribus qui repudiandae\nvero nisi sit\nquos veniam quod sed accusamus veritatis error"
  }
]
Error: none

[2025-05-21 17:27:36] GET https://jsonplaceholder.typicode.com/posts?userId=2&limit=3
Data: null
Status: 200
Response: [
  {
    "userId": 2,
    "id": 11,
    "title": "et ea vero quia laudantium autem",
    "body": "delectus reiciendis molestiae occaecati non minima eveniet qui voluptatibus\naccusamus in eum beatae sit\nvel qui neque voluptates ut commodi qui incidunt\nut animi commodi"
  },
  {
    "userId": 2,
    "id": 12,
    "title": "in quibusdam tempore odit est dolorem",
    "body": "itaque id aut magnam\npraesentium quia et ea odit et ea voluptas et\nsapiente quia nihil amet occaecati quia id voluptatem\nincidunt ea est distinctio odio"
  },
  {
    "userId": 2,
    "id": 13,
    "title": "dolorum ut in voluptas mollitia et saepe quo animi",
    "body": "aut dicta possimus sint mollitia voluptas commodi quo doloremque\niste corrupti reiciendis voluptatem eius rerum\nsit cumque quod eligendi laborum minima\nperferendis recusandae assumenda consectetur porro architecto ipsum ipsam"
  },
  {
    "userId": 2,
    "id": 14,
    "title": "voluptatem eligendi optio",
    "body": "fuga et accusamus dolorum perferendis illo voluptas\nnon doloremque neque facere\nad qui dolorum molestiae beatae\nsed aut voluptas totam sit illum"
  },
  {
    "userId": 2,
    "id": 15,
    "title": "eveniet quod temporibus",
    "body": "reprehenderit quos placeat\nvelit minima officia dolores impedit repudiandae molestiae nam\nvoluptas recusandae quis delectus\nofficiis harum fugiat vitae"
  },
  {
    "userId": 2,
    "id": 16,
    "title": "sint suscipit perspiciatis velit dolorum rerum ipsa laboriosam odio",
    "body": "suscipit nam nisi quo aperiam aut\nasperiores eos fugit maiores voluptatibus quia\nvoluptatem quis ullam qui in alias quia est\nconsequatur magni mollitia accusamus ea nisi voluptate dicta"
  },
  {
    "userId": 2,
    "id": 17,
    "title": "fugit voluptas sed molestias voluptatem provident",
    "body": "eos voluptas et aut odit natus earum\naspernatur fuga molestiae ullam\ndeserunt ratione qui eos\nqui nihil ratione nemo velit ut aut id quo"
  },
  {
    "userId": 2,
    "id": 18,
    "title": "voluptate et itaque vero tempora molestiae",
    "body": "eveniet quo quis\nlaborum totam consequatur non dolor\nut et est repudiandae\nest voluptatem vel debitis et magnam"
  },
  {
    "userId": 2,
    "id": 19,
    "title": "adipisci placeat illum aut reiciendis qui",
    "body": "illum quis cupiditate provident sit magnam\nea sed aut omnis\nveniam maiores ullam consequatur atque\nadipisci quo iste expedita sit quos voluptas"
  },
  {
    "userId": 2,
    "id": 20,
    "title": "doloribus ad provident suscipit at",
    "body": "qui consequuntur ducimus possimus quisquam amet similique\nsuscipit porro ipsam amet\neos veritatis officiis exercitationem vel fugit aut necessitatibus totam\nomnis rerum consequatur expedita quidem cumque explicabo"
  }
]
Error: none

[2025-05-21 17:27:49] GET https://jsonplaceholder.typicode.com/posts/1
Data: null
Status: 200
Response: {
  "userId": 1,
  "id": 1,
  "title": "sunt aut facere repellat provident occaecati excepturi optio reprehenderit",
  "body": "quia et suscipit\nsuscipit recusandae consequuntur expedita et cum\nreprehenderit molestiae ut ut quas totam\nnostrum rerum est autem sunt rem eveniet architecto"
}
Error: none

[2025-05-21 17:27:50] POST https://jsonplaceholder.typicode.com/posts
Data: {
    "title": "\u0422\u0435\u0441\u0442\u043e\u0432\u044b\u0439 \u043f\u043e\u0441\u0442",
    "body": "\u0421\u043e\u0434\u0435\u0440\u0436\u0438\u043c\u043e\u0435 \u043f\u043e\u0441\u0442\u0430",
    "userId": 1
}
Status: 201
Response: {
  "title": "Тестовый пост",
  "body": "Содержимое поста",
  "userId": 1,
  "id": 101
}
Error: none

[2025-05-21 17:27:50] GET https://jsonplaceholder.typicode.com/posts/999999
Data: null
Status: 404
Response: {}
Error: none

[2025-05-21 17:27:51] GET https://jsonplaceholder.typicode.com/secure-endpoint
Data: null
Status: 404
Response: {}
Error: none

[2025-05-21 17:27:51] POST https://jsonplaceholder.typicode.com/posts
Data: 
Status: 201
Response: {
  "id": 101
}
Error: none

[2025-05-21 17:27:51] GET https://invalid-domain-name-that-does-not-exist.com/test
Data: null
Status: 0
Response: 
Error: Could not resolve host: invalid-domain-name-that-does-not-exist.com

[2025-05-21 17:28:02] GET https://api.openweathermap.org/data/2.5/weather?q=Kaliningrad&appid=061b4f16ad60feffe46e327c278b7793&units=metric&lang=ru
Data: null
Status: 200
Response: {"coord":{"lon":20.511,"lat":54.7065},"weather":[{"id":803,"main":"Clouds","description":"облачно с прояснениями","icon":"04d"}],"base":"stations","main":{"temp":13.03,"feels_like":11.82,"temp_min":13.03,"temp_max":13.03,"pressure":1005,"humidity":55,"sea_level":1005,"grnd_level":1002},"visibility":10000,"wind":{"speed":2.99,"deg":331,"gust":5.26},"clouds":{"all":77},"dt":1747848249,"sys":{"type":1,"id":8934,"country":"RU","sunrise":1747794127,"sunset":1747853237},"timezone":7200,"id":554234,"name":"Калининград","cod":200}
Error: none

[2025-05-21 17:28:02] GET https://api.openweathermap.org/data/2.5/forecast?q=Kaliningrad&appid=061b4f16ad60feffe46e327c278b7793&units=metric&lang=ru
Data: null
Status: 200
Response: {"cod":"200","message":0,"cnt":40,"list":[{"dt":1747850400,"main":{"temp":13.03,"feels_like":12.16,"temp_min":13.03,"temp_max":16.2,"pressure":1005,"sea_level":1005,"grnd_level":1002,"humidity":68,"temp_kf":-3.17},"weather":[{"id":500,"main":"Rain","description":"небольшой дождь","icon":"10d"}],"clouds":{"all":75},"wind":{"speed":1.89,"deg":322,"gust":1.8},"visibility":10000,"pop":1,"rain":{"3h":0.24},"sys":{"pod":"d"},"dt_txt":"2025-05-21 18:00:00"},{"dt":1747861200,"main":{"temp":12.82,"feels_like":12.09,"temp_min":12.41,"temp_max":12.82,"pressure":1005,"sea_level":1005,"grnd_level":1002,"humidity":74,"temp_kf":0.41},"weather":[{"id":803,"main":"Clouds","description":"облачно с прояснениями","icon":"04n"}],"clouds":{"all":60},"wind":{"speed":2.82,"deg":150,"gust":3.51},"visibility":10000,"pop":0,"sys":{"pod":"n"},"dt_txt":"2025-05-21 21:00:00"},{"dt":1747872000,"main":{"temp":9.29,"feels_like":7.85,"temp_min":7.42,"temp_max":9.29,"pressure":1004,"sea_level":1004,"grnd_level":1001,"humidity":88,"temp_kf":1.87},"weather":[{"id":802,"main":"Clouds","description":"переменная облачность","icon":"03n"}],"clouds":{"all":42},"wind":{"speed":2.7,"deg":174,"gust":4.13},"visibility":10000,"pop":0,"sys":{"pod":"n"},"dt_txt":"2025-05-22 00:00:00"},{"dt":1747882800,"main":{"temp":7.25,"feels_like":5.19,"temp_min":7.25,"temp_max":7.25,"pressure":1004,"sea_level":1004,"grnd_level":1001,"humidity":96,"temp_kf":0},"weather":[{"id":804,"main":"Clouds","description":"пасмурно","icon":"04d"}],"clouds":{"all":94},"wind":{"speed":3.03,"deg":237,"gust":8.27},"visibility":10000,"pop":0,"sys":{"pod":"d"},"dt_txt":"2025-05-22 03:00:00"},{"dt":1747893600,"main":{"temp":13.54,"feels_like":13.04,"temp_min":13.54,"temp_max":13.54,"pressure":1005,"sea_level":1005,"grnd_level":1002,"humidity":80,"temp_kf":0},"weather":[{"id":804,"main":"Clouds","description":"пасмурно","icon":"04d"}],"clouds":{"all":97},"wind":{"speed":3.73,"deg":243,"gust":6.49},"visibility":10000,"pop":0,"sys":{"pod":"d"},"dt_txt":"2025-05-22 06:00:00"},{"dt":1747904400,"main":{"temp":15.1,"feels_like":14.34,"temp_min":15.1,"temp_max":15.1,"pressure":1006,"sea_level":1006,"grnd_level":1003,"humidity":64,"temp_kf":0},"weather":[{"id":804,"main":"Clouds","description":"пасмурно","icon":"04d"}],"clouds":{"all":100},"wind":{"speed":4.33,"deg":232,"gust":6},"visibility":10000,"pop":0,"sys":{"pod":"d"},"dt_txt":"2025-05-22 09:00:00"},{"dt":1747915200,"main":{"temp":13.62,"feels_like":12.97,"temp_min":13.62,"temp_max":13.62,"pressure":1006,"sea_level":1006,"grnd_level":1003,"humidity":74,"temp_kf":0},"weather":[{"id":804,"main":"Clouds","description":"пасмурно","icon":"04d"}],"clouds":{"all":100},"wind":{"speed":3.77,"deg":227,"gust":7.04},"visibility":10000,"pop":0,"sys":{"pod":"d"},"dt_txt":"2025-05-22 12:00:00"},{"dt":1747926000,"main":{"temp":12.08,"feels_like":11.38,"temp_min":12.08,"temp_max":12.08,"pressure":1006,"sea_level":1006,"grnd_level":1003,"humidity":78,"temp_kf":0},"weather":[{"id":500,"main":"Rain","description":"небольшой дождь","icon":"10d"}],"clouds":{"all":100},"wind":{"speed":4.34,"deg":205,"gust":7.54},"visibility":10000,"pop":0.97,"rain":{"3h":0.74},"sys":{"pod":"d"},"dt_txt":"2025-05-22 15:00:00"},{"dt":1747936800,"main":{"temp":10.08,"feels_like":9.42,"temp_min":10.08,"temp_max":10.08,"pressure":1006,"sea_level":1006,"grnd_level":1003,"humidity":87,"temp_kf":0},"weather":[{"id":804,"main":"Clouds","description":"пасмурно","icon":"04d"}],"clouds":{"all":97},"wind":{"speed":0.28,"deg":252,"gust":1.42},"visibility":10000,"pop":0.65,"sys":{"pod":"d"},"dt_txt":"2025-05-22 18:00:00"},{"dt":1747947600,"main":{"temp":7.14,"feels_like":6.44,"temp_min":7.14,"temp_max":7.14,"pressure":1007,"sea_level":1007,"grnd_level":1004,"humidity":96,"temp_kf":0},"weather":[{"id":500,"main":"Rain","description":"небольшой дождь","icon":"10n"}],"clouds":{"all":100},"wind":{"speed":1.46,"deg":174,"gust":2.14},"visibility":10000,"pop":0.2,"rain":{"3h":0.13},"sys":{"pod":"n"},"dt_txt":"2025-05-22 21:00:00"},{"dt":1747958400,"main":{"temp":6.53,"feels_like":4.2,"temp_min":6.53,"temp_max":6.53,"pressure":1007,"sea_level":1007,"grnd_level":1004,"humidity":93,"temp_kf":0},"weather":[{"id":804,"main":"Clouds","description":"пасмурно","icon":"04n"}],"clouds":{"all":90},"wind":{"speed":3.21,"deg":216,"gust":8.91},"visibility":10000,"pop":0,"sys":{"pod":"n"},"dt_txt":"2025-05-23 00:00:00"},{"dt":1747969200,"main":{"temp":5.94,"feels_like":3.28,"temp_min":5.94,"temp_max":5.94,"pressure":1008,"sea_level":1008,"grnd_level":1005,"humidity":92,"temp_kf":0},"weather":[{"id":803,"main":"Clouds","description":"облачно с прояснениями","icon":"04d"}],"clouds":{"all":80},"wind":{"speed":3.54,"deg":224,"gust":8.82},"visibility":10000,"pop":0,"sys":{"pod":"d"},"dt_txt":"2025-05-23 03:00:00"},{"dt":1747980000,"main":{"temp":9.1,"feels_like":6.35,"temp_min":9.1,"temp_max":9.1,"pressure":1010,"sea_level":1010,"grnd_level":1007,"humidity":72,"temp_kf":0},"weather":[{"id":803,"main":"Clouds","description":"облачно с прояснениями","icon":"04d"}],"clouds":{"all":74},"wind":{"speed":5.29,"deg":235,"gust":7.39},"visibility":10000,"pop":0,"sys":{"pod":"d"},"dt_txt":"2025-05-23 06:00:00"},{"dt":1747990800,"main":{"temp":12.14,"feels_like":10.85,"temp_min":12.14,"temp_max":12.14,"pressure":1012,"sea_level":1012,"grnd_level":1009,"humidity":55,"temp_kf":0},"weather":[{"id":802,"main":"Clouds","description":"переменная облачность","icon":"03d"}],"clouds":{"all":49},"wind":{"speed":6.33,"deg":240,"gust":8.15},"visibility":10000,"pop":0,"sys":{"pod":"d"},"dt_txt":"2025-05-23 09:00:00"},{"dt":1748001600,"main":{"temp":14.21,"feels_like":12.91,"temp_min":14.21,"temp_max":14.21,"pressure":1013,"sea_level":1013,"grnd_level":1010,"humidity":47,"temp_kf":0},"weather":[{"id":802,"main":"Clouds","description":"переменная облачность","icon":"03d"}],"clouds":{"all":34},"wind":{"speed":5.03,"deg":251,"gust":8.26},"visibility":10000,"pop":0,"sys":{"pod":"d"},"dt_txt":"2025-05-23 12:00:00"},{"dt":1748012400,"main":{"temp":14.29,"feels_like":13.05,"temp_min":14.29,"temp_max":14.29,"pressure":1013,"sea_level":1013,"grnd_level":1010,"humidity":49,"temp_kf":0},"weather":[{"id":804,"main":"Clouds","description":"пасмурно","icon":"04d"}],"clouds":{"all":100},"wind":{"speed":2.68,"deg":248,"gust":3.79},"visibility":10000,"pop":0,"sys":{"pod":"d"},"dt_txt":"2025-05-23 15:00:00"},{"dt":1748023200,"main":{"temp":9.91,"feels_like":9.91,"temp_min":9.91,"temp_max":9.91,"pressure":1015,"sea_level":1015,"grnd_level":1012,"humidity":69,"temp_kf":0},"weather":[{"id":804,"main":"Clouds","description":"пасмурно","icon":"04d"}],"clouds":{"all":100},"wind":{"speed":0.44,"deg":291,"gust":0.16},"visibility":10000,"pop":0,"sys":{"pod":"d"},"dt_txt":"2025-05-23 18:00:00"},{"dt":1748034000,"main":{"temp":7.17,"feels_like":5.8,"temp_min":7.17,"temp_max":7.17,"pressure":1016,"sea_level":1016,"grnd_level":1013,"humidity":76,"temp_kf":0},"weather":[{"id":804,"main":"Clouds","description":"пасмурно","icon":"04n"}],"clouds":{"all":100},"wind":{"speed":2.1,"deg":146,"gust":2.1},"visibility":10000,"pop":0,"sys":{"pod":"n"},"dt_txt":"2025-05-23 21:00:00"},{"dt":1748044800,"main":{"temp":6.31,"feels_like":5.12,"temp_min":6.31,"temp_max":6.31,"pressure":1016,"sea_level":1016,"grnd_level":1013,"humidity":73,"temp_kf":0},"weather":[{"id":804,"main":"Clouds","description":"пасмурно","icon":"04n"}],"clouds":{"all":98},"wind":{"speed":1.78,"deg":214,"gust":1.7},"visibility":10000,"pop":0,"sys":{"pod":"n"},"dt_txt":"2025-05-24 00:00:00"},{"dt":1748055600,"main":{"temp":6.65,"feels_like":5.1,"temp_min":6.65,"temp_max":6.65,"pressure":1017,"sea_level":1017,"grnd_level":1014,"humidity":83,"temp_kf":0},"weather":[{"id":804,"main":"Clouds","description":"пасмурно","icon":"04d"}],"clouds":{"all":100},"wind":{"speed":2.21,"deg":240,"gust":2.24},"visibility":10000,"pop":0,"sys":{"pod":"d"},"dt_txt":"2025-05-24 03:00:00"},{"dt":1748066400,"main":{"temp":12.03,"feels_like":11.04,"temp_min":12.03,"temp_max":12.03,"pressure":1017,"sea_level":1017,"grnd_level":1014,"humidity":67,"temp_kf":0},"weather":[{"id":804,"main":"Clouds","description":"пасмурно","icon":"04d"}],"clouds":{"all":98},"wind":{"speed":2.73,"deg":310,"gust":3.64},"visibility":10000,"pop":0,"sys":{"pod":"d"},"dt_txt":"2025-05-24 06:00:00"},{"dt":1748077200,"main":{"temp":14.86,"feels_like":13.68,"temp_min":14.86,"temp_max":14.86,"pressure":1017,"sea_level":1017,"grnd_level":1014,"humidity":49,"temp_kf":0},"weather":[{"id":802,"main":"Clouds","description":"переменная облачность","icon":"03d"}],"clouds":{"all":42},"wind":{"speed":3.25,"deg":318,"gust":3.18},"visibility":10000,"pop":0,"sys":{"pod":"d"},"dt_txt":"2025-05-24 09:00:00"},{"dt":1748088000,"main":{"temp":14.76,"feels_like":13.65,"temp_min":14.76,"temp_max":14.76,"pressure":1017,"sea_level":1017,"grnd_level":1014,"humidity":52,"temp_kf":0},"weather":[{"id":803,"main":"Clouds","description":"облачно с прояснениями","icon":"04d"}],"clouds":{"all":64},"wind":{"speed":4.05,"deg":338,"gust":3.81},"visibility":10000,"pop":0,"sys":{"pod":"d"},"dt_txt":"2025-05-24 12:00:00"},{"dt":1748098800,"main":{"temp":12.85,"feels_like":11.78,"temp_min":12.85,"temp_max":12.85,"pressure":1017,"sea_level":1017,"grnd_level":1014,"humidity":61,"temp_kf":0},"weather":[{"id":804,"main":"Clouds","description":"пасмурно","icon":"04d"}],"clouds":{"all":100},"wind":{"speed":4.03,"deg":352,"gust":3.97},"visibility":10000,"pop":0,"sys":{"pod":"d"},"dt_txt":"2025-05-24 15:00:00"},{"dt":1748109600,"main":{"temp":9.23,"feels_like":8.37,"temp_min":9.23,"temp_max":9.23,"pressure":1017,"sea_level":1017,"grnd_level":1014,"humidity":82,"temp_kf":0},"weather":[{"id":804,"main":"Clouds","description":"пасмурно","icon":"04d"}],"clouds":{"all":100},"wind":{"speed":1.91,"deg":340,"gust":2.73},"visibility":10000,"pop":0,"sys":{"pod":"d"},"dt_txt":"2025-05-24 18:00:00"},{"dt":1748120400,"main":{"temp":7.67,"feels_like":7.67,"temp_min":7.67,"temp_max":7.67,"pressure":1017,"sea_level":1017,"grnd_level":1014,"humidity":77,"temp_kf":0},"weather":[{"id":804,"main":"Clouds","description":"пасмурно","icon":"04n"}],"clouds":{"all":100},"wind":{"speed":1.02,"deg":276,"gust":1.07},"visibility":10000,"pop":0,"sys":{"pod":"n"},"dt_txt":"2025-05-24 21:00:00"},{"dt":1748131200,"main":{"temp":5.48,"feels_like":4.41,"temp_min":5.48,"temp_max":5.48,"pressure":1017,"sea_level":1017,"grnd_level":1014,"humidity":84,"temp_kf":0},"weather":[{"id":804,"main":"Clouds","description":"пасмурно","icon":"04n"}],"clouds":{"all":97},"wind":{"speed":1.57,"deg":229,"gust":1.55},"visibility":10000,"pop":0,"sys":{"pod":"n"},"dt_txt":"2025-05-25 00:00:00"},{"dt":1748142000,"main":{"temp":4.78,"feels_like":3.74,"temp_min":4.78,"temp_max":4.78,"pressure":1017,"sea_level":1017,"grnd_level":1014,"humidity":88,"temp_kf":0},"weather":[{"id":800,"main":"Clear","description":"ясно","icon":"01d"}],"clouds":{"all":2},"wind":{"speed":1.47,"deg":174,"gust":1.48},"visibility":10000,"pop":0,"sys":{"pod":"d"},"dt_txt":"2025-05-25 03:00:00"},{"dt":1748152800,"main":{"temp":11.5,"feels_like":10.59,"temp_min":11.5,"temp_max":11.5,"pressure":1017,"sea_level":1017,"grnd_level":1014,"humidity":72,"temp_kf":0},"weather":[{"id":800,"main":"Clear","description":"ясно","icon":"01d"}],"clouds":{"all":2},"wind":{"speed":2.21,"deg":186,"gust":2.92},"visibility":10000,"pop":0,"sys":{"pod":"d"},"dt_txt":"2025-05-25 06:00:00"},{"dt":1748163600,"main":{"temp":16.16,"feels_like":15.16,"temp_min":16.16,"temp_max":16.16,"pressure":1016,"sea_level":1016,"grnd_level":1013,"humidity":51,"temp_kf":0},"weather":[{"id":800,"main":"Clear","description":"ясно","icon":"01d"}],"clouds":{"all":3},"wind":{"speed":2.61,"deg":208,"gust":3.94},"visibility":10000,"pop":0,"sys":{"pod":"d"},"dt_txt":"2025-05-25 09:00:00"},{"dt":1748174400,"main":{"temp":17.6,"feels_like":16.62,"temp_min":17.6,"temp_max":17.6,"pressure":1015,"sea_level":1015,"grnd_level":1012,"humidity":46,"temp_kf":0},"weather":[{"id":800,"main":"Clear","description":"ясно","icon":"01d"}],"clouds":{"all":9},"wind":{"speed":3.32,"deg":213,"gust":4.21},"visibility":10000,"pop":0,"sys":{"pod":"d"},"dt_txt":"2025-05-25 12:00:00"},{"dt":1748185200,"main":{"temp":15.4,"feels_like":14.77,"temp_min":15.4,"temp_max":15.4,"pressure":1014,"sea_level":1014,"grnd_level":1011,"humidity":68,"temp_kf":0},"weather":[{"id":804,"main":"Clouds","description":"пасмурно","icon":"04d"}],"clouds":{"all":100},"wind":{"speed":3.06,"deg":146,"gust":5.42},"visibility":10000,"pop":0,"sys":{"pod":"d"},"dt_txt":"2025-05-25 15:00:00"},{"dt":1748196000,"main":{"temp":12.92,"feels_like":12.28,"temp_min":12.92,"temp_max":12.92,"pressure":1014,"sea_level":1014,"grnd_level":1011,"humidity":77,"temp_kf":0},"weather":[{"id":803,"main":"Clouds","description":"облачно с прояснениями","icon":"04d"}],"clouds":{"all":70},"wind":{"speed":2.91,"deg":141,"gust":4.73},"visibility":10000,"pop":0,"sys":{"pod":"d"},"dt_txt":"2025-05-25 18:00:00"},{"dt":1748206800,"main":{"temp":8.62,"feels_like":7.09,"temp_min":8.62,"temp_max":8.62,"pressure":1013,"sea_level":1013,"grnd_level":1010,"humidity":77,"temp_kf":0},"weather":[{"id":800,"main":"Clear","description":"ясно","icon":"01n"}],"clouds":{"all":2},"wind":{"speed":2.64,"deg":155,"gust":2.91},"visibility":10000,"pop":0,"sys":{"pod":"n"},"dt_txt":"2025-05-25 21:00:00"},{"dt":1748217600,"main":{"temp":7.89,"feels_like":6.37,"temp_min":7.89,"temp_max":7.89,"pressure":1012,"sea_level":1012,"grnd_level":1009,"humidity":80,"temp_kf":0},"weather":[{"id":800,"main":"Clear","description":"ясно","icon":"01n"}],"clouds":{"all":3},"wind":{"speed":2.44,"deg":194,"gust":3.02},"visibility":10000,"pop":0,"sys":{"pod":"n"},"dt_txt":"2025-05-26 00:00:00"},{"dt":1748228400,"main":{"temp":7.08,"feels_like":5.54,"temp_min":7.08,"temp_max":7.08,"pressure":1012,"sea_level":1012,"grnd_level":1009,"humidity":85,"temp_kf":0},"weather":[{"id":800,"main":"Clear","description":"ясно","icon":"01d"}],"clouds":{"all":2},"wind":{"speed":2.28,"deg":169,"gust":2.62},"visibility":10000,"pop":0,"sys":{"pod":"d"},"dt_txt":"2025-05-26 03:00:00"},{"dt":1748239200,"main":{"temp":13.69,"feels_like":12.86,"temp_min":13.69,"temp_max":13.69,"pressure":1011,"sea_level":1011,"grnd_level":1008,"humidity":67,"temp_kf":0},"weather":[{"id":800,"main":"Clear","description":"ясно","icon":"01d"}],"clouds":{"all":1},"wind":{"speed":2.97,"deg":213,"gust":4.71},"visibility":10000,"pop":0,"sys":{"pod":"d"},"dt_txt":"2025-05-26 06:00:00"},{"dt":1748250000,"main":{"temp":15.85,"feels_like":15.29,"temp_min":15.85,"temp_max":15.85,"pressure":1010,"sea_level":1010,"grnd_level":1007,"humidity":69,"temp_kf":0},"weather":[{"id":802,"main":"Clouds","description":"переменная облачность","icon":"03d"}],"clouds":{"all":50},"wind":{"speed":4.59,"deg":243,"gust":5.42},"visibility":10000,"pop":0,"sys":{"pod":"d"},"dt_txt":"2025-05-26 09:00:00"},{"dt":1748260800,"main":{"temp":12.91,"feels_like":12.5,"temp_min":12.91,"temp_max":12.91,"pressure":1010,"sea_level":1010,"grnd_level":1007,"humidity":86,"temp_kf":0},"weather":[{"id":803,"main":"Clouds","description":"облачно с прояснениями","icon":"04d"}],"clouds":{"all":66},"wind":{"speed":4.31,"deg":272,"gust":6.87},"visibility":10000,"pop":0,"sys":{"pod":"d"},"dt_txt":"2025-05-26 12:00:00"},{"dt":1748271600,"main":{"temp":15.25,"feels_like":14.81,"temp_min":15.25,"temp_max":15.25,"pressure":1010,"sea_level":1010,"grnd_level":1007,"humidity":76,"temp_kf":0},"weather":[{"id":804,"main":"Clouds","description":"пасмурно","icon":"04d"}],"clouds":{"all":100},"wind":{"speed":5.83,"deg":306,"gust":8.5},"visibility":10000,"pop":0,"sys":{"pod":"d"},"dt_txt":"2025-05-26 15:00:00"}],"city":{"id":554234,"name":"Калининград","coord":{"lat":54.7065,"lon":20.511},"country":"RU","population":434954,"timezone":7200,"sunrise":1747794127,"sunset":1747853237}}
Error: none

[2025-05-21 17:28:03] GET https://api.openweathermap.org/data/2.5/air_pollution?lat=54.7065&lon=20.5109&appid=061b4f16ad60feffe46e327c278b7793
Data: null
Status: 200
Response: {"coord":{"lon":20.5109,"lat":54.7065},"list":[{"main":{"aqi":2},"components":{"co":114.98,"no":0.09,"no2":1.53,"o3":86.67,"so2":0.76,"pm2_5":1.52,"pm10":1.76,"nh3":4.57},"dt":1747848485}]}
Error: none

